mktexpk --mfmode / --bdpi 600 --mag 1+120/600 --dpi 720 txtt
mktexpk --mfmode / --bdpi 600 --mag 1+120/600 --dpi 720 txsya
mktexpk --mfmode / --bdpi 600 --mag 1+120/600 --dpi 720 txsya
mktexpk --mfmode / --bdpi 600 --mag 0+540/600 --dpi 540 rtxptmr
mktexpk --mfmode / --bdpi 600 --mag 1+120/600 --dpi 720 txsya
mktexpk --mfmode / --bdpi 600 --mag 1+120/600 --dpi 720 txsya
mktexpk --mfmode / --bdpi 600 --mag 0+420/600 --dpi 420 rtxr
mktexpk --mfmode / --bdpi 600 --mag 0+420/600 --dpi 420 rtxr
mktexpk --mfmode / --bdpi 600 --mag 0+420/600 --dpi 420 rtxr
mktexpk --mfmode / --bdpi 600 --mag 1+0/600 --dpi 600 txex
mktexpk --mfmode / --bdpi 600 --mag 1+0/600 --dpi 600 txex
mktexpk --mfmode / --bdpi 600 --mag 1+0/600 --dpi 600 txex
mktexpk --mfmode / --bdpi 600 --mag 1+0/600 --dpi 600 txex
mktexpk --mfmode / --bdpi 600 --mag 1+0/600 --dpi 600 txex
mktexpk --mfmode / --bdpi 600 --mag 1+0/600 --dpi 600 txex
mktexpk --mfmode / --bdpi 600 --mag 1+0/600 --dpi 600 txex
mktexpk --mfmode / --bdpi 600 --mag 1+0/600 --dpi 600 txex
mktexpk --mfmode / --bdpi 600 --mag 1+0/600 --dpi 600 txex
mktexpk --mfmode / --bdpi 600 --mag 1+0/600 --dpi 600 txex
mktexpk --mfmode / --bdpi 600 --mag 1+0/600 --dpi 600 txex
